生成启动时间为 2014/11/26 21:26:40。
     1>项目“C:\Users\Amvincible\documents\visual studio 2010\Projects\OpenCVV\op03\op03.vcxproj”在节点 2 上(build 个目标)。
     1>InitializeBuildStatus:
         正在创建“Debug\op03.unsuccessfulbuild”，因为已指定“AlwaysCreate”。
       ClCompile:
         E:\Software\VS2010\VC\bin\CL.exe /c /ZI /nologo /W3 /WX- /Od /Oy- /D WIN32 /D _DEBUG /D _CONSOLE /D _UNICODE /D UNICODE /Gm /EHsc /RTC1 /MDd /GS /fp:precise /Zc:wchar_t /Zc:forScope /Fo"Debug\\" /Fd"Debug\vc100.pdb" /Gd /TP /analyze- /errorReport:prompt main.cpp
         main.cpp
       ManifestResourceCompile:
         C:\Program Files (x86)\Microsoft SDKs\Windows\v7.0A\bin\rc.exe /nologo /fo"Debug\op03.exe.embed.manifest.res" Debug\op03_manifest.rc 
       Link:
         E:\Software\VS2010\VC\bin\link.exe /ERRORREPORT:PROMPT /OUT:"C:\Users\Amvincible\documents\visual studio 2010\Projects\OpenCVV\Debug\op03.exe" /INCREMENTAL /NOLOGO opencv_world300d.lib opencv_ts300d.lib kernel32.lib user32.lib gdi32.lib winspool.lib comdlg32.lib advapi32.lib shell32.lib ole32.lib oleaut32.lib uuid.lib odbc32.lib odbccp32.lib /MANIFEST /ManifestFile:"Debug\op03.exe.intermediate.manifest" /MANIFESTUAC:"level='asInvoker' uiAccess='false'" /DEBUG /PDB:"C:\Users\Amvincible\documents\visual studio 2010\Projects\OpenCVV\Debug\op03.pdb" /SUBSYSTEM:CONSOLE /TLBID:1 /DYNAMICBASE /NXCOMPAT /IMPLIB:"C:\Users\Amvincible\documents\visual studio 2010\Projects\OpenCVV\Debug\op03.lib" /MACHINE:X86 Debug\op03.exe.embed.manifest.res
         Debug\main.obj
       Manifest:
         C:\Program Files (x86)\Microsoft SDKs\Windows\v7.0A\bin\mt.exe /nologo /verbose /out:"Debug\op03.exe.embed.manifest" /manifest Debug\op03.exe.intermediate.manifest
         C:\Program Files (x86)\Microsoft SDKs\Windows\v7.0A\bin\rc.exe /nologo /fo"Debug\op03.exe.embed.manifest.res" Debug\op03_manifest.rc 
       LinkEmbedManifest:
         E:\Software\VS2010\VC\bin\link.exe /ERRORREPORT:PROMPT /OUT:"C:\Users\Amvincible\documents\visual studio 2010\Projects\OpenCVV\Debug\op03.exe" /INCREMENTAL /NOLOGO opencv_world300d.lib opencv_ts300d.lib kernel32.lib user32.lib gdi32.lib winspool.lib comdlg32.lib advapi32.lib shell32.lib ole32.lib oleaut32.lib uuid.lib odbc32.lib odbccp32.lib /MANIFEST /ManifestFile:"Debug\op03.exe.intermediate.manifest" /MANIFESTUAC:"level='asInvoker' uiAccess='false'" /DEBUG /PDB:"C:\Users\Amvincible\documents\visual studio 2010\Projects\OpenCVV\Debug\op03.pdb" /SUBSYSTEM:CONSOLE /TLBID:1 /DYNAMICBASE /NXCOMPAT /IMPLIB:"C:\Users\Amvincible\documents\visual studio 2010\Projects\OpenCVV\Debug\op03.lib" /MACHINE:X86 Debug\op03.exe.embed.manifest.res
         Debug\main.obj
         op03.vcxproj -> C:\Users\Amvincible\documents\visual studio 2010\Projects\OpenCVV\Debug\op03.exe
       FinalizeBuildStatus:
         正在删除文件“Debug\op03.unsuccessfulbuild”。
         正在对“Debug\op03.lastbuildstate”执行 Touch 任务。
     1>已完成生成项目“C:\Users\Amvincible\documents\visual studio 2010\Projects\OpenCVV\op03\op03.vcxproj”(build 个目标)的操作。

生成成功。

已用时间 00:00:03.31
